Running "module reset". Resetting modules to system default. The following $MODULEPATH directories have been removed: None

Currently Loaded Modules:
  1) gcc/11.4.0      4) cue-login-env/1.0   7) cudnn/8.9.0.131
  2) openmpi/4.1.6   5) slurm-env/0.1       8) anaconda3_gpu/23.9.0
  3) cuda/11.8.0     6) default-s11

 

job is starting on gpuc02.delta.ncsa.illinois.edu
GpuFreq=control_disabled
Seed: 1710786358
Classical G_m =  -471
num_qubits =  12
num_qubits_vqs =  13
n_layers: 2
device name =  default.qubit
run VQS with parameters: shift= 0  threshold= 1  n_layers= 2
run VQS with parameters: shift= 256  threshold= 1  n_layers= 2
run VQS with parameters: shift= 384  threshold= 1  n_layers= 2
run VQS with parameters: shift= 448  threshold= 1  n_layers= 2
run VQS with parameters: shift= 480  threshold= 1  n_layers= 2
run VQS with parameters: shift= 464  threshold= 1  n_layers= 2
run VQS with parameters: shift= 472  threshold= 1  n_layers= 2
run VQS with parameters: shift= 468  threshold= 1  n_layers= 2
run VQS with parameters: shift= 470  threshold= 1  n_layers= 2
run VQS with parameters: shift= 471  threshold= 1  n_layers= 2
run VQS with parameters: shift= 470  threshold= 1  n_layers= 2
run VQS with parameters: shift= 470  threshold= 1  n_layers= 2
QG_m =  -471
steps:  13
simulation time: 854.057205s
Peak memory usage: 620.53 MiB
GPU specific memory usage: 4 MiB
done
done
