Running "module reset". Resetting modules to system default. The following $MODULEPATH directories have been removed: None

Currently Loaded Modules:
  1) gcc/11.4.0      4) cue-login-env/1.0   7) cudnn/8.9.0.131
  2) openmpi/4.1.6   5) slurm-env/0.1       8) anaconda3_gpu/23.9.0
  3) cuda/11.8.0     6) default-s11

 

job is starting on gpuc06.delta.ncsa.illinois.edu
GpuFreq=control_disabled
Seed: 1710764884
Classical G_m =  -3853
num_qubits =  15
num_qubits_vqs =  16
n_layers: 2
device name =  default.qubit
run VQS with parameters: shift= 0  threshold= 1  n_layers= 2
run VQS with parameters: shift= 2048  threshold= 1  n_layers= 2
run VQS with parameters: shift= 3072  threshold= 1  n_layers= 2
run VQS with parameters: shift= 3584  threshold= 1  n_layers= 2
run VQS with parameters: shift= 3840  threshold= 1  n_layers= 2
run VQS with parameters: shift= 3968  threshold= 1  n_layers= 2
run VQS with parameters: shift= 3904  threshold= 1  n_layers= 2
run VQS with parameters: shift= 3872  threshold= 1  n_layers= 2
run VQS with parameters: shift= 3856  threshold= 1  n_layers= 2
run VQS with parameters: shift= 3848  threshold= 1  n_layers= 2
run VQS with parameters: shift= 3852  threshold= 1  n_layers= 2
run VQS with parameters: shift= 3854  threshold= 1  n_layers= 2
run VQS with parameters: shift= 3853  threshold= 1  n_layers= 2
run VQS with parameters: shift= 3852  threshold= 1  n_layers= 2
run VQS with parameters: shift= 3852  threshold= 1  n_layers= 2
QG_m =  -3853
steps:  16
simulation time: 13645.599668s
Peak memory usage: 33334.84 MiB
GPU specific memory usage: 4 MiB
done
done
