Running "module reset". Resetting modules to system default. The following $MODULEPATH directories have been removed: None

Currently Loaded Modules:
  1) gcc/11.4.0      4) cue-login-env/1.0   7) cudnn/8.9.0.131
  2) openmpi/4.1.6   5) slurm-env/0.1       8) anaconda3_gpu/23.9.0
  3) cuda/11.8.0     6) default-s11

 

job is starting on gpuc06.delta.ncsa.illinois.edu
GpuFreq=control_disabled
Seed: 1710764884
Classical G_m =  -1955
num_qubits =  14
num_qubits_vqs =  15
n_layers: 2
device name =  default.qubit
run VQS with parameters: shift= 0  threshold= 1  n_layers= 2
run VQS with parameters: shift= 1024  threshold= 1  n_layers= 2
run VQS with parameters: shift= 1536  threshold= 1  n_layers= 2
run VQS with parameters: shift= 1792  threshold= 1  n_layers= 2
run VQS with parameters: shift= 1920  threshold= 1  n_layers= 2
run VQS with parameters: shift= 1984  threshold= 1  n_layers= 2
run VQS with parameters: shift= 1952  threshold= 1  n_layers= 2
run VQS with parameters: shift= 1968  threshold= 1  n_layers= 2
run VQS with parameters: shift= 1960  threshold= 1  n_layers= 2
run VQS with parameters: shift= 1956  threshold= 1  n_layers= 2
run VQS with parameters: shift= 1954  threshold= 1  n_layers= 2
run VQS with parameters: shift= 1955  threshold= 1  n_layers= 2
run VQS with parameters: shift= 1954  threshold= 1  n_layers= 2
run VQS with parameters: shift= 1954  threshold= 1  n_layers= 2
QG_m =  -1955
steps:  15
simulation time: 3406.891173s
Peak memory usage: 8527.19 MiB
GPU specific memory usage: 4 MiB
done
done
