Running "module reset". Resetting modules to system default. The following $MODULEPATH directories have been removed: None

Currently Loaded Modules:
  1) gcc/11.4.0      4) cue-login-env/1.0   7) cudnn/8.9.0.131
  2) openmpi/4.1.6   5) slurm-env/0.1       8) anaconda3_gpu/23.9.0
  3) cuda/11.8.0     6) default-s11

 

job is starting on gpuc02.delta.ncsa.illinois.edu
GpuFreq=control_disabled
Seed: 1710786327
Classical G_m =  -53
num_qubits =  9
num_qubits_vqs =  10
n_layers: 2
device name =  default.qubit
run VQS with parameters: shift= 0  threshold= 1  n_layers= 2
run VQS with parameters: shift= 32  threshold= 1  n_layers= 2
run VQS with parameters: shift= 48  threshold= 1  n_layers= 2
run VQS with parameters: shift= 56  threshold= 1  n_layers= 2
run VQS with parameters: shift= 52  threshold= 1  n_layers= 2
run VQS with parameters: shift= 54  threshold= 1  n_layers= 2
run VQS with parameters: shift= 53  threshold= 1  n_layers= 2
run VQS with parameters: shift= 52  threshold= 1  n_layers= 2
QG_m =  -53
steps:  8
simulation time: 187.976549s
Peak memory usage: 30.30 MiB
GPU specific memory usage: 4 MiB
done
done
