Running "module reset". Resetting modules to system default. The following $MODULEPATH directories have been removed: None

Currently Loaded Modules:
  1) gcc/11.4.0      4) cue-login-env/1.0   7) cudnn/8.9.0.131
  2) openmpi/4.1.6   5) slurm-env/0.1       8) anaconda3_gpu/23.9.0
  3) cuda/11.8.0     6) default-s11

 

job is starting on gpuc02.delta.ncsa.illinois.edu
GpuFreq=control_disabled
Seed: 1710786277
Classical G_m =  -92
num_qubits =  10
num_qubits_vqs =  11
n_layers: 2
device name =  default.qubit
run VQS with parameters: shift= 0  threshold= 1  n_layers= 2
run VQS with parameters: shift= 64  threshold= 1  n_layers= 2
run VQS with parameters: shift= 96  threshold= 1  n_layers= 2
run VQS with parameters: shift= 80  threshold= 1  n_layers= 2
run VQS with parameters: shift= 88  threshold= 1  n_layers= 2
run VQS with parameters: shift= 92  threshold= 1  n_layers= 2
run VQS with parameters: shift= 90  threshold= 1  n_layers= 2
run VQS with parameters: shift= 91  threshold= 1  n_layers= 2
QG_m =  -92
steps:  8
simulation time: 235.064807s
Peak memory usage: 65.74 MiB
GPU specific memory usage: 4 MiB
done
done
