Running "module reset". Resetting modules to system default. The following $MODULEPATH directories have been removed: None

Currently Loaded Modules:
  1) gcc/11.4.0      4) cue-login-env/1.0   7) cudnn/8.9.0.131
  2) openmpi/4.1.6   5) slurm-env/0.1       8) anaconda3_gpu/23.9.0
  3) cuda/11.8.0     6) default-s11

 

job is starting on gpuc06.delta.ncsa.illinois.edu
GpuFreq=control_disabled
Seed: 1710764884
Classical G_m =  -645
num_qubits =  13
num_qubits_vqs =  14
n_layers: 2
device name =  default.qubit
run VQS with parameters: shift= 0  threshold= 1  n_layers= 2
run VQS with parameters: shift= 512  threshold= 1  n_layers= 2
run VQS with parameters: shift= 768  threshold= 1  n_layers= 2
run VQS with parameters: shift= 640  threshold= 1  n_layers= 2
run VQS with parameters: shift= 704  threshold= 1  n_layers= 2
run VQS with parameters: shift= 672  threshold= 1  n_layers= 2
run VQS with parameters: shift= 656  threshold= 1  n_layers= 2
run VQS with parameters: shift= 648  threshold= 1  n_layers= 2
run VQS with parameters: shift= 644  threshold= 1  n_layers= 2
run VQS with parameters: shift= 646  threshold= 1  n_layers= 2
run VQS with parameters: shift= 645  threshold= 1  n_layers= 2
run VQS with parameters: shift= 644  threshold= 1  n_layers= 2
run VQS with parameters: shift= 644  threshold= 1  n_layers= 2
QG_m =  -645
steps:  14
simulation time: 994.974355s
Peak memory usage: 2239.89 MiB
GPU specific memory usage: 4 MiB
done
done
